<?xml version="1.0" encoding="UTF-8"?>
<!-- Generated by org.testng.reporters.JUnitReportReporter -->
<testsuite name="practice.LauchGoogle" tests="1" time="17.399" ignored="0" failures="0" timestamp="22 Feb 2021 17:32:45 GMT" skipped="0" hostname="Sandeep" errors="0">
  <testcase name="launchBrowser" time="17.399" classname="practice.LauchGoogle"/>
</testsuite> <!-- practice.LauchGoogle -->
